<?xml version="1.0" encoding="UTF-8"?>
<coverage generated="1603764561110" clover="3.2.0">
  <project timestamp="1603764561110" name="All files">
    <metrics statements="59" coveredstatements="43" conditionals="14" coveredconditionals="8" methods="37" coveredmethods="27" elements="110" coveredelements="78" complexity="0" loc="59" ncloc="59" packages="1" files="2" classes="2"/>
    <file name="todo.js" path="C:\Users\Jimmy\Desktop\Launch-School\TodoList\todo.js">
      <metrics statements="11" coveredstatements="10" conditionals="2" coveredconditionals="2" methods="6" coveredmethods="5"/>
      <line num="7" count="1" type="stmt"/>
      <line num="8" count="1" type="stmt"/>
      <line num="11" count="54" type="stmt"/>
      <line num="12" count="54" type="stmt"/>
      <line num="16" count="9" type="cond" truecount="2" falsecount="0"/>
      <line num="17" count="9" type="stmt"/>
      <line num="21" count="15" type="stmt"/>
      <line num="25" count="1" type="stmt"/>
      <line num="29" count="28" type="stmt"/>
      <line num="33" count="0" type="stmt"/>
      <line num="37" count="1" type="stmt"/>
    </file>
    <file name="todolist.js" path="C:\Users\Jimmy\Desktop\Launch-School\TodoList\todolist.js">
      <metrics statements="48" coveredstatements="33" conditionals="12" coveredconditionals="6" methods="31" coveredmethods="22"/>
      <line num="1" count="1" type="stmt"/>
      <line num="5" count="19" type="stmt"/>
      <line num="6" count="19" type="stmt"/>
      <line num="10" count="58" type="cond" truecount="2" falsecount="0"/>
      <line num="11" count="56" type="stmt"/>
      <line num="13" count="2" type="stmt"/>
      <line num="18" count="18" type="stmt"/>
      <line num="22" count="1" type="stmt"/>
      <line num="26" count="1" type="stmt"/>
      <line num="30" count="11" type="stmt"/>
      <line num="32" count="8" type="stmt"/>
      <line num="36" count="13" type="cond" truecount="2" falsecount="0"/>
      <line num="37" count="4" type="stmt"/>
      <line num="42" count="7" type="stmt"/>
      <line num="46" count="2" type="stmt"/>
      <line num="50" count="7" type="stmt"/>
      <line num="54" count="1" type="stmt"/>
      <line num="58" count="1" type="stmt"/>
      <line num="62" count="2" type="stmt"/>
      <line num="63" count="1" type="stmt"/>
      <line num="67" count="3" type="stmt"/>
      <line num="68" count="9" type="stmt"/>
      <line num="69" count="3" type="stmt"/>
      <line num="73" count="4" type="stmt"/>
      <line num="74" count="12" type="stmt"/>
      <line num="79" count="1" type="stmt"/>
      <line num="80" count="1" type="stmt"/>
      <line num="81" count="3" type="cond" truecount="2" falsecount="0"/>
      <line num="82" count="2" type="stmt"/>
      <line num="86" count="1" type="stmt"/>
      <line num="90" count="0" type="stmt"/>
      <line num="94" count="0" type="stmt"/>
      <line num="95" count="0" type="stmt"/>
      <line num="96" count="0" type="cond" truecount="0" falsecount="2"/>
      <line num="97" count="0" type="stmt"/>
      <line num="100" count="0" type="stmt"/>
      <line num="104" count="0" type="stmt"/>
      <line num="105" count="0" type="stmt"/>
      <line num="106" count="0" type="cond" truecount="0" falsecount="2"/>
      <line num="107" count="0" type="stmt"/>
      <line num="110" count="0" type="stmt"/>
      <line num="114" count="0" type="stmt"/>
      <line num="115" count="0" type="cond" truecount="0" falsecount="2"/>
      <line num="116" count="0" type="stmt"/>
      <line num="121" count="6" type="stmt"/>
      <line num="125" count="0" type="stmt"/>
      <line num="129" count="5" type="stmt"/>
      <line num="133" count="1" type="stmt"/>
    </file>
  </project>
</coverage>
