{"C:\\Users\\Jimmy\\Desktop\\Launch-School\\TodoList\\todo.js": {"path":"C:\\Users\\Jimmy\\Desktop\\Launch-School\\TodoList\\todo.js","statementMap":{"0":{"start":{"line":7,"column":23},"end":{"line":7,"column":26}},"1":{"start":{"line":8,"column":25},"end":{"line":8,"column":28}},"2":{"start":{"line":11,"column":4},"end":{"line":11,"column":23}},"3":{"start":{"line":12,"column":4},"end":{"line":12,"column":22}},"4":{"start":{"line":16,"column":17},"end":{"line":16,"column":70}},"5":{"start":{"line":17,"column":4},"end":{"line":17,"column":39}},"6":{"start":{"line":21,"column":4},"end":{"line":21,"column":21}},"7":{"start":{"line":25,"column":4},"end":{"line":25,"column":22}},"8":{"start":{"line":29,"column":4},"end":{"line":29,"column":21}},"9":{"start":{"line":33,"column":4},"end":{"line":33,"column":22}},"10":{"start":{"line":37,"column":0},"end":{"line":37,"column":22}}},"fnMap":{"0":{"name":"(anonymous_0)","decl":{"start":{"line":10,"column":2},"end":{"line":10,"column":3}},"loc":{"start":{"line":10,"column":21},"end":{"line":13,"column":3}},"line":10},"1":{"name":"(anonymous_1)","decl":{"start":{"line":15,"column":2},"end":{"line":15,"column":3}},"loc":{"start":{"line":15,"column":13},"end":{"line":18,"column":3}},"line":15},"2":{"name":"(anonymous_2)","decl":{"start":{"line":20,"column":2},"end":{"line":20,"column":3}},"loc":{"start":{"line":20,"column":13},"end":{"line":22,"column":3}},"line":20},"3":{"name":"(anonymous_3)","decl":{"start":{"line":24,"column":2},"end":{"line":24,"column":3}},"loc":{"start":{"line":24,"column":15},"end":{"line":26,"column":3}},"line":24},"4":{"name":"(anonymous_4)","decl":{"start":{"line":28,"column":2},"end":{"line":28,"column":3}},"loc":{"start":{"line":28,"column":11},"end":{"line":30,"column":3}},"line":28},"5":{"name":"(anonymous_5)","decl":{"start":{"line":32,"column":2},"end":{"line":32,"column":3}},"loc":{"start":{"line":32,"column":13},"end":{"line":34,"column":3}},"line":32}},"branchMap":{"0":{"loc":{"start":{"line":16,"column":17},"end":{"line":16,"column":70}},"type":"cond-expr","locations":[{"start":{"line":16,"column":33},"end":{"line":16,"column":49}},{"start":{"line":16,"column":52},"end":{"line":16,"column":70}}],"line":16}},"s":{"0":1,"1":1,"2":54,"3":54,"4":9,"5":9,"6":15,"7":1,"8":28,"9":0,"10":1},"f":{"0":54,"1":9,"2":15,"3":1,"4":28,"5":0},"b":{"0":[4,5]},"_coverageSchema":"1a1c01bbd47fc00a2c39e90264f33305004495a9","hash":"a73310a167c476d85d023821013707eadbc37885"}
,"C:\\Users\\Jimmy\\Desktop\\Launch-School\\TodoList\\todolist.js": {"path":"C:\\Users\\Jimmy\\Desktop\\Launch-School\\TodoList\\todolist.js","statementMap":{"0":{"start":{"line":1,"column":11},"end":{"line":1,"column":28}},"1":{"start":{"line":5,"column":4},"end":{"line":5,"column":23}},"2":{"start":{"line":6,"column":4},"end":{"line":6,"column":20}},"3":{"start":{"line":10,"column":4},"end":{"line":14,"column":5}},"4":{"start":{"line":11,"column":6},"end":{"line":11,"column":28}},"5":{"start":{"line":13,"column":6},"end":{"line":13,"column":55}},"6":{"start":{"line":18,"column":4},"end":{"line":18,"column":29}},"7":{"start":{"line":22,"column":4},"end":{"line":22,"column":25}},"8":{"start":{"line":26,"column":4},"end":{"line":26,"column":39}},"9":{"start":{"line":30,"column":4},"end":{"line":30,"column":31}},"10":{"start":{"line":32,"column":4},"end":{"line":32,"column":29}},"11":{"start":{"line":36,"column":4},"end":{"line":38,"column":5}},"12":{"start":{"line":37,"column":6},"end":{"line":37,"column":57}},"13":{"start":{"line":42,"column":4},"end":{"line":42,"column":34}},"14":{"start":{"line":46,"column":4},"end":{"line":46,"column":36}},"15":{"start":{"line":50,"column":4},"end":{"line":50,"column":51}},"16":{"start":{"line":50,"column":36},"end":{"line":50,"column":49}},"17":{"start":{"line":54,"column":4},"end":{"line":54,"column":30}},"18":{"start":{"line":58,"column":4},"end":{"line":58,"column":28}},"19":{"start":{"line":62,"column":4},"end":{"line":62,"column":31}},"20":{"start":{"line":63,"column":4},"end":{"line":63,"column":38}},"21":{"start":{"line":67,"column":16},"end":{"line":67,"column":41}},"22":{"start":{"line":68,"column":16},"end":{"line":68,"column":66}},"23":{"start":{"line":68,"column":39},"end":{"line":68,"column":54}},"24":{"start":{"line":69,"column":4},"end":{"line":69,"column":32}},"25":{"start":{"line":73,"column":4},"end":{"line":75,"column":5}},"26":{"start":{"line":73,"column":19},"end":{"line":73,"column":20}},"27":{"start":{"line":74,"column":6},"end":{"line":74,"column":32}},"28":{"start":{"line":79,"column":23},"end":{"line":79,"column":52}},"29":{"start":{"line":80,"column":4},"end":{"line":84,"column":7}},"30":{"start":{"line":81,"column":6},"end":{"line":83,"column":7}},"31":{"start":{"line":82,"column":8},"end":{"line":82,"column":31}},"32":{"start":{"line":86,"column":4},"end":{"line":86,"column":24}},"33":{"start":{"line":90,"column":4},"end":{"line":90,"column":62}},"34":{"start":{"line":90,"column":35},"end":{"line":90,"column":60}},"35":{"start":{"line":94,"column":20},"end":{"line":94,"column":46}},"36":{"start":{"line":95,"column":4},"end":{"line":99,"column":6}},"37":{"start":{"line":96,"column":6},"end":{"line":98,"column":7}},"38":{"start":{"line":97,"column":8},"end":{"line":97,"column":28}},"39":{"start":{"line":100,"column":4},"end":{"line":100,"column":21}},"40":{"start":{"line":104,"column":20},"end":{"line":104,"column":46}},"41":{"start":{"line":105,"column":4},"end":{"line":109,"column":6}},"42":{"start":{"line":106,"column":6},"end":{"line":108,"column":7}},"43":{"start":{"line":107,"column":8},"end":{"line":107,"column":28}},"44":{"start":{"line":110,"column":4},"end":{"line":110,"column":21}},"45":{"start":{"line":114,"column":15},"end":{"line":114,"column":38}},"46":{"start":{"line":115,"column":4},"end":{"line":117,"column":5}},"47":{"start":{"line":116,"column":6},"end":{"line":116,"column":22}},"48":{"start":{"line":121,"column":4},"end":{"line":121,"column":42}},"49":{"start":{"line":121,"column":25},"end":{"line":121,"column":40}},"50":{"start":{"line":125,"column":4},"end":{"line":125,"column":44}},"51":{"start":{"line":125,"column":25},"end":{"line":125,"column":42}},"52":{"start":{"line":129,"column":4},"end":{"line":129,"column":30}},"53":{"start":{"line":133,"column":0},"end":{"line":133,"column":26}}},"fnMap":{"0":{"name":"(anonymous_0)","decl":{"start":{"line":4,"column":2},"end":{"line":4,"column":3}},"loc":{"start":{"line":4,"column":21},"end":{"line":7,"column":3}},"line":4},"1":{"name":"(anonymous_1)","decl":{"start":{"line":9,"column":2},"end":{"line":9,"column":3}},"loc":{"start":{"line":9,"column":12},"end":{"line":15,"column":3}},"line":9},"2":{"name":"(anonymous_2)","decl":{"start":{"line":17,"column":2},"end":{"line":17,"column":3}},"loc":{"start":{"line":17,"column":9},"end":{"line":19,"column":3}},"line":17},"3":{"name":"(anonymous_3)","decl":{"start":{"line":21,"column":2},"end":{"line":21,"column":3}},"loc":{"start":{"line":21,"column":10},"end":{"line":23,"column":3}},"line":21},"4":{"name":"(anonymous_4)","decl":{"start":{"line":25,"column":2},"end":{"line":25,"column":3}},"loc":{"start":{"line":25,"column":9},"end":{"line":27,"column":3}},"line":25},"5":{"name":"(anonymous_5)","decl":{"start":{"line":29,"column":2},"end":{"line":29,"column":3}},"loc":{"start":{"line":29,"column":16},"end":{"line":33,"column":3}},"line":29},"6":{"name":"(anonymous_6)","decl":{"start":{"line":35,"column":2},"end":{"line":35,"column":3}},"loc":{"start":{"line":35,"column":24},"end":{"line":39,"column":3}},"line":35},"7":{"name":"(anonymous_7)","decl":{"start":{"line":41,"column":2},"end":{"line":41,"column":3}},"loc":{"start":{"line":41,"column":20},"end":{"line":43,"column":3}},"line":41},"8":{"name":"(anonymous_8)","decl":{"start":{"line":45,"column":2},"end":{"line":45,"column":3}},"loc":{"start":{"line":45,"column":22},"end":{"line":47,"column":3}},"line":45},"9":{"name":"(anonymous_9)","decl":{"start":{"line":49,"column":2},"end":{"line":49,"column":3}},"loc":{"start":{"line":49,"column":11},"end":{"line":51,"column":3}},"line":49},"10":{"name":"(anonymous_10)","decl":{"start":{"line":50,"column":28},"end":{"line":50,"column":29}},"loc":{"start":{"line":50,"column":36},"end":{"line":50,"column":49}},"line":50},"11":{"name":"(anonymous_11)","decl":{"start":{"line":53,"column":2},"end":{"line":53,"column":3}},"loc":{"start":{"line":53,"column":10},"end":{"line":55,"column":3}},"line":53},"12":{"name":"(anonymous_12)","decl":{"start":{"line":57,"column":2},"end":{"line":57,"column":3}},"loc":{"start":{"line":57,"column":8},"end":{"line":59,"column":3}},"line":57},"13":{"name":"(anonymous_13)","decl":{"start":{"line":61,"column":2},"end":{"line":61,"column":3}},"loc":{"start":{"line":61,"column":18},"end":{"line":64,"column":3}},"line":61},"14":{"name":"(anonymous_14)","decl":{"start":{"line":66,"column":2},"end":{"line":66,"column":3}},"loc":{"start":{"line":66,"column":13},"end":{"line":70,"column":3}},"line":66},"15":{"name":"(anonymous_15)","decl":{"start":{"line":68,"column":31},"end":{"line":68,"column":32}},"loc":{"start":{"line":68,"column":39},"end":{"line":68,"column":54}},"line":68},"16":{"name":"(anonymous_16)","decl":{"start":{"line":72,"column":2},"end":{"line":72,"column":3}},"loc":{"start":{"line":72,"column":20},"end":{"line":76,"column":3}},"line":72},"17":{"name":"(anonymous_17)","decl":{"start":{"line":78,"column":2},"end":{"line":78,"column":3}},"loc":{"start":{"line":78,"column":19},"end":{"line":87,"column":3}},"line":78},"18":{"name":"(anonymous_18)","decl":{"start":{"line":80,"column":17},"end":{"line":80,"column":18}},"loc":{"start":{"line":80,"column":25},"end":{"line":84,"column":5}},"line":80},"19":{"name":"(anonymous_19)","decl":{"start":{"line":89,"column":2},"end":{"line":89,"column":3}},"loc":{"start":{"line":89,"column":21},"end":{"line":91,"column":3}},"line":89},"20":{"name":"(anonymous_20)","decl":{"start":{"line":90,"column":27},"end":{"line":90,"column":28}},"loc":{"start":{"line":90,"column":35},"end":{"line":90,"column":60}},"line":90},"21":{"name":"(anonymous_21)","decl":{"start":{"line":93,"column":2},"end":{"line":93,"column":3}},"loc":{"start":{"line":93,"column":12},"end":{"line":101,"column":3}},"line":93},"22":{"name":"(anonymous_22)","decl":{"start":{"line":95,"column":17},"end":{"line":95,"column":18}},"loc":{"start":{"line":95,"column":25},"end":{"line":99,"column":5}},"line":95},"23":{"name":"(anonymous_23)","decl":{"start":{"line":103,"column":2},"end":{"line":103,"column":3}},"loc":{"start":{"line":103,"column":15},"end":{"line":111,"column":3}},"line":103},"24":{"name":"(anonymous_24)","decl":{"start":{"line":105,"column":17},"end":{"line":105,"column":18}},"loc":{"start":{"line":105,"column":25},"end":{"line":109,"column":5}},"line":105},"25":{"name":"(anonymous_25)","decl":{"start":{"line":113,"column":2},"end":{"line":113,"column":3}},"loc":{"start":{"line":113,"column":18},"end":{"line":118,"column":3}},"line":113},"26":{"name":"(anonymous_26)","decl":{"start":{"line":120,"column":2},"end":{"line":120,"column":3}},"loc":{"start":{"line":120,"column":21},"end":{"line":122,"column":3}},"line":120},"27":{"name":"(anonymous_27)","decl":{"start":{"line":121,"column":17},"end":{"line":121,"column":18}},"loc":{"start":{"line":121,"column":25},"end":{"line":121,"column":40}},"line":121},"28":{"name":"(anonymous_28)","decl":{"start":{"line":124,"column":2},"end":{"line":124,"column":3}},"loc":{"start":{"line":124,"column":23},"end":{"line":126,"column":3}},"line":124},"29":{"name":"(anonymous_29)","decl":{"start":{"line":125,"column":17},"end":{"line":125,"column":18}},"loc":{"start":{"line":125,"column":25},"end":{"line":125,"column":42}},"line":125},"30":{"name":"(anonymous_30)","decl":{"start":{"line":128,"column":2},"end":{"line":128,"column":3}},"loc":{"start":{"line":128,"column":12},"end":{"line":130,"column":3}},"line":128}},"branchMap":{"0":{"loc":{"start":{"line":10,"column":4},"end":{"line":14,"column":5}},"type":"if","locations":[{"start":{"line":10,"column":4},"end":{"line":14,"column":5}},{"start":{"line":10,"column":4},"end":{"line":14,"column":5}}],"line":10},"1":{"loc":{"start":{"line":36,"column":4},"end":{"line":38,"column":5}},"type":"if","locations":[{"start":{"line":36,"column":4},"end":{"line":38,"column":5}},{"start":{"line":36,"column":4},"end":{"line":38,"column":5}}],"line":36},"2":{"loc":{"start":{"line":81,"column":6},"end":{"line":83,"column":7}},"type":"if","locations":[{"start":{"line":81,"column":6},"end":{"line":83,"column":7}},{"start":{"line":81,"column":6},"end":{"line":83,"column":7}}],"line":81},"3":{"loc":{"start":{"line":96,"column":6},"end":{"line":98,"column":7}},"type":"if","locations":[{"start":{"line":96,"column":6},"end":{"line":98,"column":7}},{"start":{"line":96,"column":6},"end":{"line":98,"column":7}}],"line":96},"4":{"loc":{"start":{"line":106,"column":6},"end":{"line":108,"column":7}},"type":"if","locations":[{"start":{"line":106,"column":6},"end":{"line":108,"column":7}},{"start":{"line":106,"column":6},"end":{"line":108,"column":7}}],"line":106},"5":{"loc":{"start":{"line":115,"column":4},"end":{"line":117,"column":5}},"type":"if","locations":[{"start":{"line":115,"column":4},"end":{"line":117,"column":5}},{"start":{"line":115,"column":4},"end":{"line":117,"column":5}}],"line":115}},"s":{"0":1,"1":19,"2":19,"3":58,"4":56,"5":2,"6":18,"7":1,"8":1,"9":11,"10":8,"11":13,"12":4,"13":7,"14":2,"15":3,"16":7,"17":1,"18":1,"19":2,"20":1,"21":3,"22":3,"23":9,"24":3,"25":4,"26":4,"27":12,"28":1,"29":1,"30":3,"31":2,"32":1,"33":0,"34":0,"35":0,"36":0,"37":0,"38":0,"39":0,"40":0,"41":0,"42":0,"43":0,"44":0,"45":0,"46":0,"47":0,"48":2,"49":6,"50":0,"51":0,"52":5,"53":1},"f":{"0":19,"1":58,"2":18,"3":1,"4":1,"5":11,"6":13,"7":7,"8":2,"9":3,"10":7,"11":1,"12":1,"13":2,"14":3,"15":9,"16":4,"17":1,"18":3,"19":0,"20":0,"21":0,"22":0,"23":0,"24":0,"25":0,"26":2,"27":6,"28":0,"29":0,"30":5},"b":{"0":[56,2],"1":[4,9],"2":[2,1],"3":[0,0],"4":[0,0],"5":[0,0]},"_coverageSchema":"1a1c01bbd47fc00a2c39e90264f33305004495a9","hash":"831b86261662411dc7100e341dbcc76337561a0a"}
}
