TN:
SF:todo.js
FN:10,(anonymous_0)
FN:15,(anonymous_1)
FN:20,(anonymous_2)
FN:24,(anonymous_3)
FN:28,(anonymous_4)
FN:32,(anonymous_5)
FNF:6
FNH:5
FNDA:54,(anonymous_0)
FNDA:9,(anonymous_1)
FNDA:15,(anonymous_2)
FNDA:1,(anonymous_3)
FNDA:28,(anonymous_4)
FNDA:0,(anonymous_5)
DA:7,1
DA:8,1
DA:11,54
DA:12,54
DA:16,9
DA:17,9
DA:21,15
DA:25,1
DA:29,28
DA:33,0
DA:37,1
LF:11
LH:10
BRDA:16,0,0,4
BRDA:16,0,1,5
BRF:2
BRH:2
end_of_record
TN:
SF:todolist.js
FN:4,(anonymous_0)
FN:9,(anonymous_1)
FN:17,(anonymous_2)
FN:21,(anonymous_3)
FN:25,(anonymous_4)
FN:29,(anonymous_5)
FN:35,(anonymous_6)
FN:41,(anonymous_7)
FN:45,(anonymous_8)
FN:49,(anonymous_9)
FN:50,(anonymous_10)
FN:53,(anonymous_11)
FN:57,(anonymous_12)
FN:61,(anonymous_13)
FN:66,(anonymous_14)
FN:68,(anonymous_15)
FN:72,(anonymous_16)
FN:78,(anonymous_17)
FN:80,(anonymous_18)
FN:89,(anonymous_19)
FN:90,(anonymous_20)
FN:93,(anonymous_21)
FN:95,(anonymous_22)
FN:103,(anonymous_23)
FN:105,(anonymous_24)
FN:113,(anonymous_25)
FN:120,(anonymous_26)
FN:121,(anonymous_27)
FN:124,(anonymous_28)
FN:125,(anonymous_29)
FN:128,(anonymous_30)
FNF:31
FNH:22
FNDA:19,(anonymous_0)
FNDA:58,(anonymous_1)
FNDA:18,(anonymous_2)
FNDA:1,(anonymous_3)
FNDA:1,(anonymous_4)
FNDA:11,(anonymous_5)
FNDA:13,(anonymous_6)
FNDA:7,(anonymous_7)
FNDA:2,(anonymous_8)
FNDA:3,(anonymous_9)
FNDA:7,(anonymous_10)
FNDA:1,(anonymous_11)
FNDA:1,(anonymous_12)
FNDA:2,(anonymous_13)
FNDA:3,(anonymous_14)
FNDA:9,(anonymous_15)
FNDA:4,(anonymous_16)
FNDA:1,(anonymous_17)
FNDA:3,(anonymous_18)
FNDA:0,(anonymous_19)
FNDA:0,(anonymous_20)
FNDA:0,(anonymous_21)
FNDA:0,(anonymous_22)
FNDA:0,(anonymous_23)
FNDA:0,(anonymous_24)
FNDA:0,(anonymous_25)
FNDA:2,(anonymous_26)
FNDA:6,(anonymous_27)
FNDA:0,(anonymous_28)
FNDA:0,(anonymous_29)
FNDA:5,(anonymous_30)
DA:1,1
DA:5,19
DA:6,19
DA:10,58
DA:11,56
DA:13,2
DA:18,18
DA:22,1
DA:26,1
DA:30,11
DA:32,8
DA:36,13
DA:37,4
DA:42,7
DA:46,2
DA:50,7
DA:54,1
DA:58,1
DA:62,2
DA:63,1
DA:67,3
DA:68,9
DA:69,3
DA:73,4
DA:74,12
DA:79,1
DA:80,1
DA:81,3
DA:82,2
DA:86,1
DA:90,0
DA:94,0
DA:95,0
DA:96,0
DA:97,0
DA:100,0
DA:104,0
DA:105,0
DA:106,0
DA:107,0
DA:110,0
DA:114,0
DA:115,0
DA:116,0
DA:121,6
DA:125,0
DA:129,5
DA:133,1
LF:48
LH:33
BRDA:10,0,0,56
BRDA:10,0,1,2
BRDA:36,1,0,4
BRDA:36,1,1,9
BRDA:81,2,0,2
BRDA:81,2,1,1
BRDA:96,3,0,0
BRDA:96,3,1,0
BRDA:106,4,0,0
BRDA:106,4,1,0
BRDA:115,5,0,0
BRDA:115,5,1,0
BRF:12
BRH:6
end_of_record
